\BOOKMARK [0][-]{part.I}{\376\377\000I\000\040\000D\000o\000n\000e}{}% 1
\BOOKMARK [1][-]{section.1}{\376\377\000G\000r\000o\000u\000p\000s\000\040\000o\000f\000\040\000O\000r\000d\000e\000r\000\040\0006}{part.I}% 2
\BOOKMARK [1][-]{section.2}{\376\377\000G\000e\000n\000e\000r\000a\000l\000i\000s\000a\000t\000i\000o\000n\000\040\000t\000o\000\040\000G\000r\000o\000u\000p\000s\000\040\000o\000f\000\040\000O\000r\000d\000e\000r\000\040\0002\000p}{part.I}% 3
\BOOKMARK [1][-]{section.3}{\376\377\000G\000r\000o\000u\000p\000s\000\040\000o\000f\000\040\000o\000r\000d\000e\000r\000\040\0004}{part.I}% 4
\BOOKMARK [1][-]{section.4}{\376\377\000G\000r\000o\000u\000p\000s\000\040\000o\000f\000\040\000O\000r\000d\000e\000r\000\040\000p\000q}{part.I}% 5
\BOOKMARK [0][-]{part.II}{\376\377\000I\000I\000\040\000I\000n\000\040\000P\000r\000o\000g\000r\000e\000s\000s}{}% 6
\BOOKMARK [1][-]{section.5}{\376\377\000T\000h\000e\000o\000r\000e\000m\000s\000\040\000a\000n\000d\000\040\000L\000e\000m\000m\000a\000s}{part.II}% 7
\BOOKMARK [2][-]{subsection.5.1}{\376\377\000S\000y\000l\000o\000w\000\040\000T\000h\000e\000o\000r\000e\000m\000s}{section.5}% 8
\BOOKMARK [2][-]{subsection.5.2}{\376\377\000I\000s\000o\000m\000o\000r\000p\000h\000i\000s\000m\000\040\000T\000h\000e\000o\000r\000e\000m\000s}{section.5}% 9
\BOOKMARK [1][-]{section.6}{\376\377\000G\000e\000n\000e\000r\000a\000l\000i\000s\000a\000t\000i\000o\000n\000\040\000t\000o\000\040\000G\000r\000o\000u\000p\000s\000\040\000o\000f\000\040\000O\000r\000d\000e\000r\000\040\000p\0002}{part.II}% 10
\BOOKMARK [1][-]{section.7}{\376\377\000G\000r\000o\000u\000p\000s\000\040\000o\000f\000\040\000o\000r\000d\000e\000r\000\040\0001\0002}{part.II}% 11
\BOOKMARK [1][-]{section.8}{\376\377\000G\000e\000n\000e\000r\000a\000l\000i\000s\000a\000t\000i\000o\000n\000\040\000t\000o\000\040\000G\000r\000o\000u\000p\000s\000\040\000o\000f\000\040\000o\000r\000d\000e\000r\000\040\0004\000p}{part.II}% 12
\BOOKMARK [1][-]{section.9}{\376\377\000G\000r\000o\000u\000p\000s\000\040\000o\000f\000\040\000O\000r\000d\000e\000r\000\040\0003\0000}{part.II}% 13
\BOOKMARK [0][-]{part.III}{\376\377\000I\000I\000I\000\040\000T\000o\000\040\000D\000o}{}% 14
\BOOKMARK [1][-]{section.10}{\376\377\000S\000e\000m\000i\000-\000D\000i\000r\000e\000c\000t\000\040\000P\000r\000o\000d\000u\000c\000t}{part.III}% 15
\BOOKMARK [1][-]{section.11}{\376\377\000G\000r\000o\000u\000p\000s\000\040\000o\000f\000\040\000o\000r\000d\000e\000r\000\040\0009\000\040\000\050\000M\000i\000g\000h\000t\000\040\000s\000k\000i\000p\000\051}{part.III}% 16
\BOOKMARK [1][-]{section.12}{\376\377\000G\000r\000o\000u\000p\000s\000\040\000o\000f\000\040\000O\000r\000d\000e\000r\000\040\0001\0008}{part.III}% 17
\BOOKMARK [2][-]{subsection.12.1}{\376\377\000G\000r\000o\000u\000p\000s\000\040\000o\000f\000\040\000O\000r\000d\000e\000r\000\040\000p\0002\000q}{section.12}% 18
\BOOKMARK [1][-]{section.13}{\376\377\000G\000r\000o\000u\000p\000s\000\040\000o\000f\000\040\000O\000r\000d\000e\000r\000\040\000p\0003}{part.III}% 19
\BOOKMARK [2][-]{subsection.13.1}{\376\377\000G\000r\000o\000u\000p\000s\000\040\000o\000f\000\040\000O\000r\000d\000e\000r\000\040\0008}{section.13}% 20
\BOOKMARK [2][-]{subsection.13.2}{\376\377\000G\000r\000o\000u\000p\000s\000\040\000o\000f\000\040\000O\000r\000d\000e\000r\000\040\0002\0007}{section.13}% 21
\BOOKMARK [2][-]{subsection.13.3}{\376\377\000G\000e\000n\000e\000r\000a\000l\000\040\000C\000a\000s\000e\000?}{section.13}% 22
\BOOKMARK [1][-]{section.14}{\376\377\000G\000r\000o\000u\000p\000s\000\040\000o\000f\000\040\000O\000r\000d\000e\000r\000\040\0002\0004}{part.III}% 23
\BOOKMARK [1][-]{section.15}{\376\377\000G\000r\000o\000u\000p\000s\000\040\000o\000f\000\040\000O\000r\000d\000e\000r\000\040\0001\0006}{part.III}% 24
